[2024-11-15T22:21:42.644662+01:00] custom.ERROR: Unauthorized access [] []
[2024-11-15T22:24:28.183656+01:00] custom.ERROR: Unauthorized access {"sourceIp":"::1"} []
[2024-11-15T23:40:20.891129+01:00] custom.ERROR: Customer found {"id":1,"name":"Yilmaz","email":"sezisyilmaz@yahoo.de","phone":"+491636668889","created_at":"2024-11-15 20:27:48","updated_at":"2024-11-15 20:27:48","sourceIp":"::1"} []
[2024-11-15T23:45:19.365229+01:00] custom.ERROR: Customer not found {"name_error":true,"email_error":true,"phone_error":true,"sourceIp":"::1"} []
[2024-11-15T23:45:58.961655+01:00] custom.ERROR: Customer not found {"name_error":true,"email_error":true,"phone_error":true,"sourceIp":"::1"} []
[2024-11-15T23:56:09.727620+01:00] custom.ERROR: Error by update database {"name":"Max Mustermann","email":"max@example.com","phone":"+49 123 4567890","sourceIp":"::1"} []
[2024-11-16T14:37:23.534215+01:00] custom.ERROR: Customer not found {"phone_error":"Invalid phone number format. Example: +49 123 4567890","sourceIp":"::1"} []
[2024-11-16T14:52:59.932554+01:00] custom.ERROR: Customer update not possible {"phone_error":"Invalid phone number format. Example: +49 123 4567890","sourceIp":"::1"} []
[2024-11-16T14:53:33.561491+01:00] custom.ERROR: Customer update not possible {"phone_error":"Invalid phone number format. Example: +49 123 4567890","sourceIp":"::1"} []
[2024-11-16T14:53:59.073165+01:00] custom.ERROR: Customer update not possible {"info":"Invalid json data","data":{"name":"Max Mustermann","email":"max@example.com","phone":"49 123 4567890","test":"sads"},"sourceIp":"::1"} []
[2024-11-16T14:54:13.333629+01:00] custom.ERROR: Customer update not possible {"info":"Invalid json data","data":[],"sourceIp":"::1"} []
[2024-11-16T14:54:23.779402+01:00] custom.ERROR: Customer update not possible {"phone_error":"Invalid phone number format. Example: +49 123 4567890","sourceIp":"::1"} []
[2024-11-16T14:54:33.240863+01:00] custom.ERROR: Customer update not possible {"info":"Invalid json data","data":[],"sourceIp":"::1"} []
[2024-11-16T14:55:01.912242+01:00] custom.ERROR: Customer update not possible {"info":"Invalid json data","data":{"name":"Max Mustermann","email":"max@example.com"},"sourceIp":"::1"} []
[2024-11-16T14:55:32.720150+01:00] custom.ERROR: Customer update not possible {"error":"Invalid json data","data":{"name":"Max Mustermann","email":"max@example.com"},"sourceIp":"::1"} []
[2024-11-16T14:56:59.348563+01:00] custom.ERROR: Customer not found {"sourceIp":"::1"} []
[2024-11-16T14:58:20.093836+01:00] custom.ERROR: Customer not found {"sourceIp":"::1"} []
[2024-11-16T15:00:00.265882+01:00] custom.ERROR: Customer not found {"error":"Customer id not found","id":2,"sourceIp":"::1"} []
[2024-11-16T15:04:59.783833+01:00] custom.ERROR: Customer update not possible {"phone_error":"Invalid phone number format. Example: +49 123 4567890","sourceIp":"::1"} []
[2024-11-16T22:02:09.370102+01:00] custom.ERROR: Customer update not possible {"error":"Invalid phone number format. Example: +49 123 4567890","phone":"49 123 4567890","sourceIp":"::1"} []
[2024-11-16T22:12:25.643997+01:00] custom.ERROR: Customer update not possible {"error":"The Customer id must not be empty","name":"","sourceIp":"::1"} []
[2024-11-16T22:13:52.624415+01:00] custom.ERROR: Customer update not possible {"error":"The Customer id must not be empty","customer_id":"","sourceIp":"::1"} []
[2024-11-16T22:29:22.110733+01:00] custom.ERROR: Customer not found {"error":"This customer not exists, please use a different ID","costumer_id":5,"sourceIp":"::1"} []
[2024-11-16T22:31:20.185679+01:00] custom.ERROR: Customer not found {"error":"Customer id not found","costumer_id":4,"sourceIp":"::1"} []
[2024-11-16T22:31:39.530409+01:00] custom.ERROR: Customer not found {"error":"Customer id not found","costumer_id":4,"sourceIp":"::1"} []
[2024-11-16T22:31:47.680665+01:00] custom.ERROR: Customer not found {"error":"Customer id not found","costumer_id":4,"sourceIp":"::1"} []
[2024-11-16T22:34:21.719826+01:00] custom.ERROR: Customer not found {"error":"Customer id not found","costumer_id":4,"sourceIp":"::1"} []
[2024-11-16T22:48:36.672191+01:00] custom.ERROR: Allowed methods: GET, DELETE {"sourceIp":"::1"} []
[2024-11-16T22:48:58.303586+01:00] custom.ERROR: Customer not found {"error":"Customer id not found","costumer_id":4,"sourceIp":"::1"} []
[2024-11-16T23:18:33.898677+01:00] custom.ERROR: Allowed methods: GET, DELETE {"sourceIp":"::1"} []
